<!DOCTYPE html>

<html>
  <head>
  <meta charset='utf-8'>
  <title>TestNG reports</title>

    <link type="text/css" href="testng-reports.css" rel="stylesheet" />
    <script type="text/javascript" src="jquery-1.7.1.min.js"></script>
    <script type="text/javascript" src="testng-reports.js"></script>
    <script type="text/javascript" src="https://www.google.com/jsapi"></script>
    <script type='text/javascript'>
      google.load('visualization', '1', {packages:['table']});
      google.setOnLoadCallback(drawTable);
      var suiteTableInitFunctions = new Array();
      var suiteTableData = new Array();
    </script>
    <!--
      <script type="text/javascript" src="jquery-ui/js/jquery-ui-1.8.16.custom.min.js"></script>
     -->
  </head>

  <body>
    <div class="top-banner-root">
      <span class="top-banner-title-font">Test results</span>
      <br/>
      <span class="top-banner-font-1">1 suite, 9 failed tests</span>
    </div> <!-- top-banner-root -->
    <div class="navigator-root">
      <div class="navigator-suite-header">
        <span>All suites</span>
        <a href="#" class="collapse-all-link" title="Collapse/expand all the suites">
          <img class="collapse-all-icon" src="collapseall.gif">
          </img> <!-- collapse-all-icon -->
        </a> <!-- collapse-all-link -->
      </div> <!-- navigator-suite-header -->
      <div class="suite">
        <div class="rounded-window">
          <div class="suite-header light-rounded-window-top">
            <a href="#" class="navigator-link" panel-name="suite-Default_suite">
              <span class="suite-name border-failed">Default suite</span>
            </a> <!-- navigator-link -->
          </div> <!-- suite-header light-rounded-window-top -->
          <div class="navigator-suite-content">
            <div class="suite-section-title">
              <span>Info</span>
            </div> <!-- suite-section-title -->
            <div class="suite-section-content">
              <ul>
                <li>
                  <a href="#" class="navigator-link " panel-name="test-xml-Default_suite">
                    <span>C:\Users\Sindhuja\AppData\Local\Temp\testng-eclipse--386350961\testng-customsuite.xml</span>
                  </a> <!-- navigator-link  -->
                </li>
                <li>
                  <a href="#" class="navigator-link " panel-name="testlist-Default_suite">
                    <span class="test-stats">1 test</span>
                  </a> <!-- navigator-link  -->
                </li>
                <li>
                  <a href="#" class="navigator-link " panel-name="group-Default_suite">
                    <span>0 groups</span>
                  </a> <!-- navigator-link  -->
                </li>
                <li>
                  <a href="#" class="navigator-link " panel-name="times-Default_suite">
                    <span>Times</span>
                  </a> <!-- navigator-link  -->
                </li>
                <li>
                  <a href="#" class="navigator-link " panel-name="reporter-Default_suite">
                    <span>Reporter output</span>
                  </a> <!-- navigator-link  -->
                </li>
                <li>
                  <a href="#" class="navigator-link " panel-name="ignored-methods-Default_suite">
                    <span>Ignored methods</span>
                  </a> <!-- navigator-link  -->
                </li>
                <li>
                  <a href="#" class="navigator-link " panel-name="chronological-Default_suite">
                    <span>Chronological view</span>
                  </a> <!-- navigator-link  -->
                </li>
              </ul>
            </div> <!-- suite-section-content -->
            <div class="result-section">
              <div class="suite-section-title">
                <span>Results</span>
              </div> <!-- suite-section-title -->
              <div class="suite-section-content">
                <ul>
                  <li>
                    <span class="method-stats">18 methods, 9 failed,   9 passed</span>
                  </li>
                  <li>
                    <span class="method-list-title failed">Failed methods</span>
                    <span class="show-or-hide-methods failed">
                      <a href="#" panel-name="suite-Default_suite" class="hide-methods failed suite-Default_suite"> (hide)</a> <!-- hide-methods failed suite-Default_suite -->
                      <a href="#" panel-name="suite-Default_suite" class="show-methods failed suite-Default_suite"> (show)</a> <!-- show-methods failed suite-Default_suite -->
                    </span>
                    <div class="method-list-content failed suite-Default_suite">
                      <span>
                        <img width="3%" src="failed.png"/>
                        <a href="#" class="method navigator-link" panel-name="suite-Default_suite" title="com.qa.testcases.AncillaryChargeCreation" hash-for-method="customer_payment_charge_selection(2, Bank Charges, Full Payment with Bank Charges, 1)">customer_payment_charge_selection(2, Bank Charges, Full Payment with Bank Charges, 1)</a> <!-- method navigator-link -->
                      </span>
                      <br/>
                      <span>
                        <img width="3%" src="failed.png"/>
                        <a href="#" class="method navigator-link" panel-name="suite-Default_suite" title="com.qa.testcases.AncillaryChargeCreation" hash-for-method="deleting(2, Bank Charges, deleting ancillary, 1)">deleting(2, Bank Charges, deleting ancillary, 1)</a> <!-- method navigator-link -->
                      </span>
                      <br/>
                      <span>
                        <img width="3%" src="failed.png"/>
                        <a href="#" class="method navigator-link" panel-name="suite-Default_suite" title="com.qa.testcases.AncillaryChargeCreation" hash-for-method="deleting(2, Bank Charges, deleting journal, 1)">deleting(2, Bank Charges, deleting journal, 1)</a> <!-- method navigator-link -->
                      </span>
                      <br/>
                      <span>
                        <img width="3%" src="failed.png"/>
                        <a href="#" class="method navigator-link" panel-name="suite-Default_suite" title="com.qa.testcases.AncillaryChargeCreation" hash-for-method="multiple_charges(1,2, Bad Debt,Bad Debt, Same Charge Multiple times)">multiple_charges(1,2, Bad Debt,Bad Debt, Same Charge Multiple times)</a> <!-- method navigator-link -->
                      </span>
                      <br/>
                      <span>
                        <img width="3%" src="failed.png"/>
                        <a href="#" class="method navigator-link" panel-name="suite-Default_suite" title="com.qa.testcases.AncillaryChargeCreation" hash-for-method="multiple_charges(1,2, Write Off,Bad Debt, Multiple charge selection for single payment including write off with parti...)">multiple_charges(1,2, Write Off,Bad Debt, Multiple charge selection for single payment including write off with parti...)</a> <!-- method navigator-link -->
                      </span>
                      <br/>
                      <span>
                        <img width="3%" src="failed.png"/>
                        <a href="#" class="method navigator-link" panel-name="suite-Default_suite" title="com.qa.testcases.AncillaryChargeCreation" hash-for-method="multiple_charges(1,2, Bank Charges,Bad Debt, Multiple charges selection including Bank Charges for single payment wit...)">multiple_charges(1,2, Bank Charges,Bad Debt, Multiple charges selection including Bank Charges for single payment wit...)</a> <!-- method navigator-link -->
                      </span>
                      <br/>
                      <span>
                        <img width="3%" src="failed.png"/>
                        <a href="#" class="method navigator-link" panel-name="suite-Default_suite" title="com.qa.testcases.AncillaryChargeCreation" hash-for-method="total_write_off(2, Bank Charges, Changing Charge name testcase, , Bad Debt, 1)">total_write_off(2, Bank Charges, Changing Charge name testcase, , Bad Debt, 1)</a> <!-- method navigator-link -->
                      </span>
                      <br/>
                      <span>
                        <img width="3%" src="failed.png"/>
                        <a href="#" class="method navigator-link" panel-name="suite-Default_suite" title="com.qa.testcases.AncillaryChargeCreation" hash-for-method="total_write_off(, Write Off, Total amount as WriteOff testcase, , , 1)">total_write_off(, Write Off, Total amount as WriteOff testcase, , , 1)</a> <!-- method navigator-link -->
                      </span>
                      <br/>
                      <span>
                        <img width="3%" src="failed.png"/>
                        <a href="#" class="method navigator-link" panel-name="suite-Default_suite" title="com.qa.testcases.AncillaryChargeCreation" hash-for-method="total_write_off(2, Bank Charges, Editing journal entry testcase, , , 1)">total_write_off(2, Bank Charges, Editing journal entry testcase, , , 1)</a> <!-- method navigator-link -->
                      </span>
                      <br/>
                    </div> <!-- method-list-content failed suite-Default_suite -->
                  </li>
                  <li>
                    <span class="method-list-title passed">Passed methods</span>
                    <span class="show-or-hide-methods passed">
                      <a href="#" panel-name="suite-Default_suite" class="hide-methods passed suite-Default_suite"> (hide)</a> <!-- hide-methods passed suite-Default_suite -->
                      <a href="#" panel-name="suite-Default_suite" class="show-methods passed suite-Default_suite"> (show)</a> <!-- show-methods passed suite-Default_suite -->
                    </span>
                    <div class="method-list-content passed suite-Default_suite">
                      <span>
                        <img width="3%" src="passed.png"/>
                        <a href="#" class="method navigator-link" panel-name="suite-Default_suite" title="com.qa.testcases.AncillaryChargeCreation" hash-for-method="chargeCreation(Ancillary_charge_test, Bank Service Charges, Bank Account used in Payment, Ancillary charge creation...)">chargeCreation(Ancillary_charge_test, Bank Service Charges, Bank Account used in Payment, Ancillary charge creation...)</a> <!-- method navigator-link -->
                      </span>
                      <br/>
                      <span>
                        <img width="3%" src="passed.png"/>
                        <a href="#" class="method navigator-link" panel-name="suite-Default_suite" title="com.qa.testcases.AncillaryChargeCreation" hash-for-method="customer_payment_charge_selection(5, Write Off, Write Off Charge creation Test case, 1)">customer_payment_charge_selection(5, Write Off, Write Off Charge creation Test case, 1)</a> <!-- method navigator-link -->
                      </span>
                      <br/>
                      <span>
                        <img width="3%" src="passed.png"/>
                        <a href="#" class="method navigator-link" panel-name="suite-Default_suite" title="com.qa.testcases.AncillaryChargeCreation" hash-for-method="customer_payment_charge_selection(2, Bank Charges, Partial payment, 1)">customer_payment_charge_selection(2, Bank Charges, Partial payment, 1)</a> <!-- method navigator-link -->
                      </span>
                      <br/>
                      <span>
                        <img width="3%" src="passed.png"/>
                        <a href="#" class="method navigator-link" panel-name="suite-Default_suite" title="com.qa.testcases.AncillaryChargeCreation" hash-for-method="customer_payment_charge_selection(10, Bad Debt, Customer Payment with charges, 1)">customer_payment_charge_selection(10, Bad Debt, Customer Payment with charges, 1)</a> <!-- method navigator-link -->
                      </span>
                      <br/>
                      <span>
                        <img width="3%" src="passed.png"/>
                        <a href="#" class="method navigator-link" panel-name="suite-Default_suite" title="com.qa.testcases.AncillaryChargeCreation" hash-for-method="deleting(2, Bank Charges, deleting  payment and related transactions, 1)">deleting(2, Bank Charges, deleting  payment and related transactions, 1)</a> <!-- method navigator-link -->
                      </span>
                      <br/>
                      <span>
                        <img width="3%" src="passed.png"/>
                        <a href="#" class="method navigator-link" panel-name="suite-Default_suite" title="com.qa.testcases.AncillaryChargeCreation" hash-for-method="multiple_charges(1,2, Freight Charges,Bad Debt, Multiple charges selection for single payment)">multiple_charges(1,2, Freight Charges,Bad Debt, Multiple charges selection for single payment)</a> <!-- method navigator-link -->
                      </span>
                      <br/>
                      <span>
                        <img width="3%" src="passed.png"/>
                        <a href="#" class="method navigator-link" panel-name="suite-Default_suite" title="com.qa.testcases.AncillaryChargeCreation" hash-for-method="multiple_charges(1,2, Bank Charges,Bad Debt, Multiple  invoices and multiple charges)">multiple_charges(1,2, Bank Charges,Bad Debt, Multiple  invoices and multiple charges)</a> <!-- method navigator-link -->
                      </span>
                      <br/>
                      <span>
                        <img width="3%" src="passed.png"/>
                        <a href="#" class="method navigator-link" panel-name="suite-Default_suite" title="com.qa.testcases.AncillaryChargeCreation" hash-for-method="total_write_off(2, Bank Charges, Changing Charge amount testcase, 4, , 1)">total_write_off(2, Bank Charges, Changing Charge amount testcase, 4, , 1)</a> <!-- method navigator-link -->
                      </span>
                      <br/>
                      <span>
                        <img width="3%" src="passed.png"/>
                        <a href="#" class="method navigator-link" panel-name="suite-Default_suite" title="com.qa.testcases.AncillaryChargeCreation" hash-for-method="total_write_off(2, Bank Charges, Percentage as Charge Amount  testcase, , , 1)">total_write_off(2, Bank Charges, Percentage as Charge Amount  testcase, , , 1)</a> <!-- method navigator-link -->
                      </span>
                      <br/>
                    </div> <!-- method-list-content passed suite-Default_suite -->
                  </li>
                </ul>
              </div> <!-- suite-section-content -->
            </div> <!-- result-section -->
          </div> <!-- navigator-suite-content -->
        </div> <!-- rounded-window -->
      </div> <!-- suite -->
    </div> <!-- navigator-root -->
    <div class="wrapper">
      <div class="main-panel-root">
        <div panel-name="suite-Default_suite" class="panel Default_suite">
          <div class="suite-Default_suite-class-failed">
            <div class="main-panel-header rounded-window-top">
              <img src="failed.png"/>
              <span class="class-name">com.qa.testcases.AncillaryChargeCreation</span>
            </div> <!-- main-panel-header rounded-window-top -->
            <div class="main-panel-content rounded-window-bottom">
              <div class="method">
                <div class="method-content">
                  <a name="customer_payment_charge_selection(2, Bank Charges, Full Payment with Bank Charges, 1)">
                  </a> <!-- customer_payment_charge_selection(2, Bank Charges, Full Payment with Bank Charges, 1) -->
                  <span class="method-name">customer_payment_charge_selection</span>
                  <span class="parameters">(2, Bank Charges, Full Payment with Bank Charges, 1)</span>
                  <div class="stack-trace">junit.framework.AssertionFailedError: expected:&lt;true&gt; but was:&lt;false&gt;
	at junit.framework.Assert.fail(Assert.java:57)
	at junit.framework.Assert.failNotEquals(Assert.java:329)
	at junit.framework.Assert.assertEquals(Assert.java:78)
	at junit.framework.Assert.assertEquals(Assert.java:174)
	at junit.framework.Assert.assertEquals(Assert.java:181)
	at com.qa.pages.AncillaryCharges.charge_selection(AncillaryCharges.java:480)
	at com.qa.testcases.AncillaryChargeCreation.customer_payment_charge_selection(AncillaryChargeCreation.java:94)
	at sun.reflect.NativeMethodAccessorImpl.invoke0(Native Method)
	at sun.reflect.NativeMethodAccessorImpl.invoke(NativeMethodAccessorImpl.java:62)
	at sun.reflect.DelegatingMethodAccessorImpl.invoke(DelegatingMethodAccessorImpl.java:43)
	at java.lang.reflect.Method.invoke(Method.java:498)
	at org.testng.internal.MethodInvocationHelper.invokeMethod(MethodInvocationHelper.java:124)
	at org.testng.internal.Invoker.invokeMethod(Invoker.java:583)
	at org.testng.internal.Invoker.invokeTestMethod(Invoker.java:719)
	at org.testng.internal.Invoker.invokeTestMethods(Invoker.java:989)
	at org.testng.internal.TestMethodWorker.invokeTestMethods(TestMethodWorker.java:125)
	at org.testng.internal.TestMethodWorker.run(TestMethodWorker.java:109)
	at org.testng.TestRunner.privateRun(TestRunner.java:648)
	at org.testng.TestRunner.run(TestRunner.java:505)
	at org.testng.SuiteRunner.runTest(SuiteRunner.java:455)
	at org.testng.SuiteRunner.runSequentially(SuiteRunner.java:450)
	at org.testng.SuiteRunner.privateRun(SuiteRunner.java:415)
	at org.testng.SuiteRunner.run(SuiteRunner.java:364)
	at org.testng.SuiteRunnerWorker.runSuite(SuiteRunnerWorker.java:52)
	at org.testng.SuiteRunnerWorker.run(SuiteRunnerWorker.java:84)
	at org.testng.TestNG.runSuitesSequentially(TestNG.java:1208)
	at org.testng.TestNG.runSuitesLocally(TestNG.java:1137)
	at org.testng.TestNG.runSuites(TestNG.java:1049)
	at org.testng.TestNG.run(TestNG.java:1017)
	at org.testng.remote.AbstractRemoteTestNG.run(AbstractRemoteTestNG.java:115)
	at org.testng.remote.RemoteTestNG.initAndRun(RemoteTestNG.java:251)
	at org.testng.remote.RemoteTestNG.main(RemoteTestNG.java:77)

</div> <!-- stack-trace -->
                </div> <!-- method-content -->
              </div> <!-- method -->
              <div class="method">
                <div class="method-content">
                  <a name="deleting(2, Bank Charges, deleting ancillary, 1)">
                  </a> <!-- deleting(2, Bank Charges, deleting ancillary, 1) -->
                  <span class="method-name">deleting</span>
                  <span class="parameters">(2, Bank Charges, deleting ancillary, 1)</span>
                  <div class="stack-trace">junit.framework.ComparisonFailure: expected:&lt;[don&apos;t delete]&gt; but was:&lt;[Are you sure you want to delete this record?]&gt;
	at junit.framework.Assert.assertEquals(Assert.java:100)
	at junit.framework.Assert.assertEquals(Assert.java:107)
	at com.qa.pages.AncillaryCharges.deleting_payment_journal_ancillary(AncillaryCharges.java:1301)
	at com.qa.testcases.AncillaryChargeCreation.deleting(AncillaryChargeCreation.java:133)
	at sun.reflect.NativeMethodAccessorImpl.invoke0(Native Method)
	at sun.reflect.NativeMethodAccessorImpl.invoke(NativeMethodAccessorImpl.java:62)
	at sun.reflect.DelegatingMethodAccessorImpl.invoke(DelegatingMethodAccessorImpl.java:43)
	at java.lang.reflect.Method.invoke(Method.java:498)
	at org.testng.internal.MethodInvocationHelper.invokeMethod(MethodInvocationHelper.java:124)
	at org.testng.internal.Invoker.invokeMethod(Invoker.java:583)
	at org.testng.internal.Invoker.invokeTestMethod(Invoker.java:719)
	at org.testng.internal.Invoker.invokeTestMethods(Invoker.java:989)
	at org.testng.internal.TestMethodWorker.invokeTestMethods(TestMethodWorker.java:125)
	at org.testng.internal.TestMethodWorker.run(TestMethodWorker.java:109)
	at org.testng.TestRunner.privateRun(TestRunner.java:648)
	at org.testng.TestRunner.run(TestRunner.java:505)
	at org.testng.SuiteRunner.runTest(SuiteRunner.java:455)
	at org.testng.SuiteRunner.runSequentially(SuiteRunner.java:450)
	at org.testng.SuiteRunner.privateRun(SuiteRunner.java:415)
	at org.testng.SuiteRunner.run(SuiteRunner.java:364)
	at org.testng.SuiteRunnerWorker.runSuite(SuiteRunnerWorker.java:52)
	at org.testng.SuiteRunnerWorker.run(SuiteRunnerWorker.java:84)
	at org.testng.TestNG.runSuitesSequentially(TestNG.java:1208)
	at org.testng.TestNG.runSuitesLocally(TestNG.java:1137)
	at org.testng.TestNG.runSuites(TestNG.java:1049)
	at org.testng.TestNG.run(TestNG.java:1017)
	at org.testng.remote.AbstractRemoteTestNG.run(AbstractRemoteTestNG.java:115)
	at org.testng.remote.RemoteTestNG.initAndRun(RemoteTestNG.java:251)
	at org.testng.remote.RemoteTestNG.main(RemoteTestNG.java:77)

</div> <!-- stack-trace -->
                </div> <!-- method-content -->
              </div> <!-- method -->
              <div class="method">
                <div class="method-content">
                  <a name="deleting(2, Bank Charges, deleting journal, 1)">
                  </a> <!-- deleting(2, Bank Charges, deleting journal, 1) -->
                  <span class="method-name">deleting</span>
                  <span class="parameters">(2, Bank Charges, deleting journal, 1)</span>
                  <div class="stack-trace">junit.framework.ComparisonFailure: expected:&lt;[don&apos;t delete]&gt; but was:&lt;[Are you sure you want to delete this transaction?]&gt;
	at junit.framework.Assert.assertEquals(Assert.java:100)
	at junit.framework.Assert.assertEquals(Assert.java:107)
	at com.qa.pages.AncillaryCharges.deleting_payment_journal_ancillary(AncillaryCharges.java:1268)
	at com.qa.testcases.AncillaryChargeCreation.deleting(AncillaryChargeCreation.java:133)
	at sun.reflect.NativeMethodAccessorImpl.invoke0(Native Method)
	at sun.reflect.NativeMethodAccessorImpl.invoke(NativeMethodAccessorImpl.java:62)
	at sun.reflect.DelegatingMethodAccessorImpl.invoke(DelegatingMethodAccessorImpl.java:43)
	at java.lang.reflect.Method.invoke(Method.java:498)
	at org.testng.internal.MethodInvocationHelper.invokeMethod(MethodInvocationHelper.java:124)
	at org.testng.internal.Invoker.invokeMethod(Invoker.java:583)
	at org.testng.internal.Invoker.invokeTestMethod(Invoker.java:719)
	at org.testng.internal.Invoker.invokeTestMethods(Invoker.java:989)
	at org.testng.internal.TestMethodWorker.invokeTestMethods(TestMethodWorker.java:125)
	at org.testng.internal.TestMethodWorker.run(TestMethodWorker.java:109)
	at org.testng.TestRunner.privateRun(TestRunner.java:648)
	at org.testng.TestRunner.run(TestRunner.java:505)
	at org.testng.SuiteRunner.runTest(SuiteRunner.java:455)
	at org.testng.SuiteRunner.runSequentially(SuiteRunner.java:450)
	at org.testng.SuiteRunner.privateRun(SuiteRunner.java:415)
	at org.testng.SuiteRunner.run(SuiteRunner.java:364)
	at org.testng.SuiteRunnerWorker.runSuite(SuiteRunnerWorker.java:52)
	at org.testng.SuiteRunnerWorker.run(SuiteRunnerWorker.java:84)
	at org.testng.TestNG.runSuitesSequentially(TestNG.java:1208)
	at org.testng.TestNG.runSuitesLocally(TestNG.java:1137)
	at org.testng.TestNG.runSuites(TestNG.java:1049)
	at org.testng.TestNG.run(TestNG.java:1017)
	at org.testng.remote.AbstractRemoteTestNG.run(AbstractRemoteTestNG.java:115)
	at org.testng.remote.RemoteTestNG.initAndRun(RemoteTestNG.java:251)
	at org.testng.remote.RemoteTestNG.main(RemoteTestNG.java:77)

</div> <!-- stack-trace -->
                </div> <!-- method-content -->
              </div> <!-- method -->
              <div class="method">
                <div class="method-content">
                  <a name="multiple_charges(1,2, Bad Debt,Bad Debt, Same Charge Multiple times)">
                  </a> <!-- multiple_charges(1,2, Bad Debt,Bad Debt, Same Charge Multiple times) -->
                  <span class="method-name">multiple_charges</span>
                  <span class="parameters">(1,2, Bad Debt,Bad Debt, Same Charge Multiple times)</span>
                  <div class="stack-trace">junit.framework.AssertionFailedError: expected:&lt;true&gt; but was:&lt;false&gt;
	at junit.framework.Assert.fail(Assert.java:57)
	at junit.framework.Assert.failNotEquals(Assert.java:329)
	at junit.framework.Assert.assertEquals(Assert.java:78)
	at junit.framework.Assert.assertEquals(Assert.java:174)
	at junit.framework.Assert.assertEquals(Assert.java:181)
	at com.qa.pages.AncillaryCharges.single_payment_multiple_same_charges(AncillaryCharges.java:651)
	at com.qa.testcases.AncillaryChargeCreation.multiple_charges(AncillaryChargeCreation.java:107)
	at sun.reflect.NativeMethodAccessorImpl.invoke0(Native Method)
	at sun.reflect.NativeMethodAccessorImpl.invoke(NativeMethodAccessorImpl.java:62)
	at sun.reflect.DelegatingMethodAccessorImpl.invoke(DelegatingMethodAccessorImpl.java:43)
	at java.lang.reflect.Method.invoke(Method.java:498)
	at org.testng.internal.MethodInvocationHelper.invokeMethod(MethodInvocationHelper.java:124)
	at org.testng.internal.Invoker.invokeMethod(Invoker.java:583)
	at org.testng.internal.Invoker.invokeTestMethod(Invoker.java:719)
	at org.testng.internal.Invoker.invokeTestMethods(Invoker.java:989)
	at org.testng.internal.TestMethodWorker.invokeTestMethods(TestMethodWorker.java:125)
	at org.testng.internal.TestMethodWorker.run(TestMethodWorker.java:109)
	at org.testng.TestRunner.privateRun(TestRunner.java:648)
	at org.testng.TestRunner.run(TestRunner.java:505)
	at org.testng.SuiteRunner.runTest(SuiteRunner.java:455)
	at org.testng.SuiteRunner.runSequentially(SuiteRunner.java:450)
	at org.testng.SuiteRunner.privateRun(SuiteRunner.java:415)
	at org.testng.SuiteRunner.run(SuiteRunner.java:364)
	at org.testng.SuiteRunnerWorker.runSuite(SuiteRunnerWorker.java:52)
	at org.testng.SuiteRunnerWorker.run(SuiteRunnerWorker.java:84)
	at org.testng.TestNG.runSuitesSequentially(TestNG.java:1208)
	at org.testng.TestNG.runSuitesLocally(TestNG.java:1137)
	at org.testng.TestNG.runSuites(TestNG.java:1049)
	at org.testng.TestNG.run(TestNG.java:1017)
	at org.testng.remote.AbstractRemoteTestNG.run(AbstractRemoteTestNG.java:115)
	at org.testng.remote.RemoteTestNG.initAndRun(RemoteTestNG.java:251)
	at org.testng.remote.RemoteTestNG.main(RemoteTestNG.java:77)

</div> <!-- stack-trace -->
                </div> <!-- method-content -->
              </div> <!-- method -->
              <div class="method">
                <div class="method-content">
                  <a name="multiple_charges(1,2, Write Off,Bad Debt, Multiple charge selection for single payment including write off with parti...)">
                  </a> <!-- multiple_charges(1,2, Write Off,Bad Debt, Multiple charge selection for single payment including write off with parti...) -->
                  <span class="method-name">multiple_charges</span>
                  <span class="parameters">(1,2, Write Off,Bad Debt, Multiple charge selection for single payment including write off with partial amount)</span>
                  <div class="stack-trace">java.lang.IndexOutOfBoundsException: Index: 0, Size: 0
	at java.util.ArrayList.rangeCheck(ArrayList.java:659)
	at java.util.ArrayList.get(ArrayList.java:435)
	at sun.reflect.GeneratedMethodAccessor1.invoke(Unknown Source)
	at sun.reflect.DelegatingMethodAccessorImpl.invoke(DelegatingMethodAccessorImpl.java:43)
	at java.lang.reflect.Method.invoke(Method.java:498)
	at org.openqa.selenium.support.pagefactory.internal.LocatingElementListHandler.invoke(LocatingElementListHandler.java:40)
	at com.sun.proxy.$Proxy15.get(Unknown Source)
	at com.qa.pages.AncillaryCharges.Customer_Navigation_Accepting_Payment(AncillaryCharges.java:308)
	at com.qa.pages.AncillaryCharges.single_payment_multiple_same_charges(AncillaryCharges.java:545)
	at com.qa.testcases.AncillaryChargeCreation.multiple_charges(AncillaryChargeCreation.java:107)
	at sun.reflect.NativeMethodAccessorImpl.invoke0(Native Method)
	at sun.reflect.NativeMethodAccessorImpl.invoke(NativeMethodAccessorImpl.java:62)
	at sun.reflect.DelegatingMethodAccessorImpl.invoke(DelegatingMethodAccessorImpl.java:43)
	at java.lang.reflect.Method.invoke(Method.java:498)
	at org.testng.internal.MethodInvocationHelper.invokeMethod(MethodInvocationHelper.java:124)
	at org.testng.internal.Invoker.invokeMethod(Invoker.java:583)
	at org.testng.internal.Invoker.invokeTestMethod(Invoker.java:719)
	at org.testng.internal.Invoker.invokeTestMethods(Invoker.java:989)
	at org.testng.internal.TestMethodWorker.invokeTestMethods(TestMethodWorker.java:125)
	at org.testng.internal.TestMethodWorker.run(TestMethodWorker.java:109)
	at org.testng.TestRunner.privateRun(TestRunner.java:648)
	at org.testng.TestRunner.run(TestRunner.java:505)
	at org.testng.SuiteRunner.runTest(SuiteRunner.java:455)
	at org.testng.SuiteRunner.runSequentially(SuiteRunner.java:450)
	at org.testng.SuiteRunner.privateRun(SuiteRunner.java:415)
	at org.testng.SuiteRunner.run(SuiteRunner.java:364)
	at org.testng.SuiteRunnerWorker.runSuite(SuiteRunnerWorker.java:52)
	at org.testng.SuiteRunnerWorker.run(SuiteRunnerWorker.java:84)
	at org.testng.TestNG.runSuitesSequentially(TestNG.java:1208)
	at org.testng.TestNG.runSuitesLocally(TestNG.java:1137)
	at org.testng.TestNG.runSuites(TestNG.java:1049)
	at org.testng.TestNG.run(TestNG.java:1017)
	at org.testng.remote.AbstractRemoteTestNG.run(AbstractRemoteTestNG.java:115)
	at org.testng.remote.RemoteTestNG.initAndRun(RemoteTestNG.java:251)
	at org.testng.remote.RemoteTestNG.main(RemoteTestNG.java:77)

</div> <!-- stack-trace -->
                </div> <!-- method-content -->
              </div> <!-- method -->
              <div class="method">
                <div class="method-content">
                  <a name="multiple_charges(1,2, Bank Charges,Bad Debt, Multiple charges selection including Bank Charges for single payment wit...)">
                  </a> <!-- multiple_charges(1,2, Bank Charges,Bad Debt, Multiple charges selection including Bank Charges for single payment wit...) -->
                  <span class="method-name">multiple_charges</span>
                  <span class="parameters">(1,2, Bank Charges,Bad Debt, Multiple charges selection including Bank Charges for single payment with full amount)</span>
                  <div class="stack-trace">junit.framework.AssertionFailedError: expected:&lt;true&gt; but was:&lt;false&gt;
	at junit.framework.Assert.fail(Assert.java:57)
	at junit.framework.Assert.failNotEquals(Assert.java:329)
	at junit.framework.Assert.assertEquals(Assert.java:78)
	at junit.framework.Assert.assertEquals(Assert.java:174)
	at junit.framework.Assert.assertEquals(Assert.java:181)
	at com.qa.pages.AncillaryCharges.single_payment_multiple_same_charges(AncillaryCharges.java:730)
	at com.qa.testcases.AncillaryChargeCreation.multiple_charges(AncillaryChargeCreation.java:107)
	at sun.reflect.NativeMethodAccessorImpl.invoke0(Native Method)
	at sun.reflect.NativeMethodAccessorImpl.invoke(NativeMethodAccessorImpl.java:62)
	at sun.reflect.DelegatingMethodAccessorImpl.invoke(DelegatingMethodAccessorImpl.java:43)
	at java.lang.reflect.Method.invoke(Method.java:498)
	at org.testng.internal.MethodInvocationHelper.invokeMethod(MethodInvocationHelper.java:124)
	at org.testng.internal.Invoker.invokeMethod(Invoker.java:583)
	at org.testng.internal.Invoker.invokeTestMethod(Invoker.java:719)
	at org.testng.internal.Invoker.invokeTestMethods(Invoker.java:989)
	at org.testng.internal.TestMethodWorker.invokeTestMethods(TestMethodWorker.java:125)
	at org.testng.internal.TestMethodWorker.run(TestMethodWorker.java:109)
	at org.testng.TestRunner.privateRun(TestRunner.java:648)
	at org.testng.TestRunner.run(TestRunner.java:505)
	at org.testng.SuiteRunner.runTest(SuiteRunner.java:455)
	at org.testng.SuiteRunner.runSequentially(SuiteRunner.java:450)
	at org.testng.SuiteRunner.privateRun(SuiteRunner.java:415)
	at org.testng.SuiteRunner.run(SuiteRunner.java:364)
	at org.testng.SuiteRunnerWorker.runSuite(SuiteRunnerWorker.java:52)
	at org.testng.SuiteRunnerWorker.run(SuiteRunnerWorker.java:84)
	at org.testng.TestNG.runSuitesSequentially(TestNG.java:1208)
	at org.testng.TestNG.runSuitesLocally(TestNG.java:1137)
	at org.testng.TestNG.runSuites(TestNG.java:1049)
	at org.testng.TestNG.run(TestNG.java:1017)
	at org.testng.remote.AbstractRemoteTestNG.run(AbstractRemoteTestNG.java:115)
	at org.testng.remote.RemoteTestNG.initAndRun(RemoteTestNG.java:251)
	at org.testng.remote.RemoteTestNG.main(RemoteTestNG.java:77)

</div> <!-- stack-trace -->
                </div> <!-- method-content -->
              </div> <!-- method -->
              <div class="method">
                <div class="method-content">
                  <a name="total_write_off(2, Bank Charges, Changing Charge name testcase, , Bad Debt, 1)">
                  </a> <!-- total_write_off(2, Bank Charges, Changing Charge name testcase, , Bad Debt, 1) -->
                  <span class="method-name">total_write_off</span>
                  <span class="parameters">(2, Bank Charges, Changing Charge name testcase, , Bad Debt, 1)</span>
                  <div class="stack-trace">org.openqa.selenium.NoSuchElementException: no such element: Unable to locate element: {&quot;method&quot;:&quot;xpath&quot;,&quot;selector&quot;:&quot;//img[@id=&apos;inpt_custpage_glaccount55_arrow&apos;]&quot;}
  (Session info: chrome=87.0.4280.88)
For documentation on this error, please visit: https://www.seleniumhq.org/exceptions/no_such_element.html
Build info: version: &apos;4.0.0-alpha-3&apos;, revision: &apos;8c567de6dc&apos;
System info: host: &apos;DESKTOP-3GNVT0U&apos;, ip: &apos;192.168.1.4&apos;, os.name: &apos;Windows 10&apos;, os.arch: &apos;amd64&apos;, os.version: &apos;10.0&apos;, java.version: &apos;1.8.0_261&apos;
Driver info: org.openqa.selenium.chrome.ChromeDriver
Capabilities {acceptInsecureCerts: false, browserName: chrome, browserVersion: 87.0.4280.88, chrome: {chromedriverVersion: 87.0.4280.20 (c99e81631faa0..., userDataDir: C:\Users\Sindhuja\AppData\L...}, goog:chromeOptions: {debuggerAddress: localhost:57918}, javascriptEnabled: true, networkConnectionEnabled: false, pageLoadStrategy: normal, platform: WINDOWS, platformName: WINDOWS, proxy: Proxy(), setWindowRect: true, strictFileInteractability: false, timeouts: {implicit: 0, pageLoad: 300000, script: 30000}, unhandledPromptBehavior: dismiss and notify, webauthn:virtualAuthenticators: true}
Session ID: 6daa7a0687a8095e11ed70d2f2fba5c7
*** Element info: {Using=xpath, value=//img[@id=&apos;inpt_custpage_glaccount55_arrow&apos;]}
	at sun.reflect.NativeConstructorAccessorImpl.newInstance0(Native Method)
	at sun.reflect.NativeConstructorAccessorImpl.newInstance(NativeConstructorAccessorImpl.java:62)
	at sun.reflect.DelegatingConstructorAccessorImpl.newInstance(DelegatingConstructorAccessorImpl.java:45)
	at java.lang.reflect.Constructor.newInstance(Constructor.java:423)
	at org.openqa.selenium.remote.codec.w3c.W3CHttpResponseCodec.createException(W3CHttpResponseCodec.java:191)
	at org.openqa.selenium.remote.codec.w3c.W3CHttpResponseCodec.decode(W3CHttpResponseCodec.java:125)
	at org.openqa.selenium.remote.codec.w3c.W3CHttpResponseCodec.decode(W3CHttpResponseCodec.java:52)
	at org.openqa.selenium.remote.HttpCommandExecutor.execute(HttpCommandExecutor.java:161)
	at org.openqa.selenium.remote.service.DriverCommandExecutor.execute(DriverCommandExecutor.java:83)
	at org.openqa.selenium.remote.RemoteWebDriver.execute(RemoteWebDriver.java:576)
	at org.openqa.selenium.remote.RemoteWebDriver.findElement(RemoteWebDriver.java:327)
	at org.openqa.selenium.remote.RemoteWebDriver.findElementByXPath(RemoteWebDriver.java:445)
	at org.openqa.selenium.By$ByXPath.findElement(By.java:396)
	at org.openqa.selenium.remote.RemoteWebDriver.findElement(RemoteWebDriver.java:319)
	at org.openqa.selenium.support.pagefactory.DefaultElementLocator.findElement(DefaultElementLocator.java:70)
	at org.openqa.selenium.support.pagefactory.internal.LocatingElementHandler.invoke(LocatingElementHandler.java:39)
	at com.sun.proxy.$Proxy14.click(Unknown Source)
	at com.qa.pages.AncillaryCharges.total_write_off(AncillaryCharges.java:1035)
	at com.qa.testcases.AncillaryChargeCreation.total_write_off(AncillaryChargeCreation.java:120)
	at sun.reflect.NativeMethodAccessorImpl.invoke0(Native Method)
	at sun.reflect.NativeMethodAccessorImpl.invoke(NativeMethodAccessorImpl.java:62)
	at sun.reflect.DelegatingMethodAccessorImpl.invoke(DelegatingMethodAccessorImpl.java:43)
	at java.lang.reflect.Method.invoke(Method.java:498)
	at org.testng.internal.MethodInvocationHelper.invokeMethod(MethodInvocationHelper.java:124)
	at org.testng.internal.Invoker.invokeMethod(Invoker.java:583)
	at org.testng.internal.Invoker.invokeTestMethod(Invoker.java:719)
	at org.testng.internal.Invoker.invokeTestMethods(Invoker.java:989)
	at org.testng.internal.TestMethodWorker.invokeTestMethods(TestMethodWorker.java:125)
	at org.testng.internal.TestMethodWorker.run(TestMethodWorker.java:109)
	at org.testng.TestRunner.privateRun(TestRunner.java:648)
	at org.testng.TestRunner.run(TestRunner.java:505)
	at org.testng.SuiteRunner.runTest(SuiteRunner.java:455)
	at org.testng.SuiteRunner.runSequentially(SuiteRunner.java:450)
	at org.testng.SuiteRunner.privateRun(SuiteRunner.java:415)
	at org.testng.SuiteRunner.run(SuiteRunner.java:364)
	at org.testng.SuiteRunnerWorker.runSuite(SuiteRunnerWorker.java:52)
	at org.testng.SuiteRunnerWorker.run(SuiteRunnerWorker.java:84)
	at org.testng.TestNG.runSuitesSequentially(TestNG.java:1208)
	at org.testng.TestNG.runSuitesLocally(TestNG.java:1137)
	at org.testng.TestNG.runSuites(TestNG.java:1049)
	at org.testng.TestNG.run(TestNG.java:1017)
	at org.testng.remote.AbstractRemoteTestNG.run(AbstractRemoteTestNG.java:115)
	at org.testng.remote.RemoteTestNG.initAndRun(RemoteTestNG.java:251)
	at org.testng.remote.RemoteTestNG.main(RemoteTestNG.java:77)

</div> <!-- stack-trace -->
                </div> <!-- method-content -->
              </div> <!-- method -->
              <div class="method">
                <div class="method-content">
                  <a name="total_write_off(, Write Off, Total amount as WriteOff testcase, , , 1)">
                  </a> <!-- total_write_off(, Write Off, Total amount as WriteOff testcase, , , 1) -->
                  <span class="method-name">total_write_off</span>
                  <span class="parameters">(, Write Off, Total amount as WriteOff testcase, , , 1)</span>
                  <div class="stack-trace">junit.framework.AssertionFailedError: expected:&lt;true&gt; but was:&lt;false&gt;
	at junit.framework.Assert.fail(Assert.java:57)
	at junit.framework.Assert.failNotEquals(Assert.java:329)
	at junit.framework.Assert.assertEquals(Assert.java:78)
	at junit.framework.Assert.assertEquals(Assert.java:174)
	at junit.framework.Assert.assertEquals(Assert.java:181)
	at com.qa.pages.AncillaryCharges.total_write_off(AncillaryCharges.java:972)
	at com.qa.testcases.AncillaryChargeCreation.total_write_off(AncillaryChargeCreation.java:120)
	at sun.reflect.NativeMethodAccessorImpl.invoke0(Native Method)
	at sun.reflect.NativeMethodAccessorImpl.invoke(NativeMethodAccessorImpl.java:62)
	at sun.reflect.DelegatingMethodAccessorImpl.invoke(DelegatingMethodAccessorImpl.java:43)
	at java.lang.reflect.Method.invoke(Method.java:498)
	at org.testng.internal.MethodInvocationHelper.invokeMethod(MethodInvocationHelper.java:124)
	at org.testng.internal.Invoker.invokeMethod(Invoker.java:583)
	at org.testng.internal.Invoker.invokeTestMethod(Invoker.java:719)
	at org.testng.internal.Invoker.invokeTestMethods(Invoker.java:989)
	at org.testng.internal.TestMethodWorker.invokeTestMethods(TestMethodWorker.java:125)
	at org.testng.internal.TestMethodWorker.run(TestMethodWorker.java:109)
	at org.testng.TestRunner.privateRun(TestRunner.java:648)
	at org.testng.TestRunner.run(TestRunner.java:505)
	at org.testng.SuiteRunner.runTest(SuiteRunner.java:455)
	at org.testng.SuiteRunner.runSequentially(SuiteRunner.java:450)
	at org.testng.SuiteRunner.privateRun(SuiteRunner.java:415)
	at org.testng.SuiteRunner.run(SuiteRunner.java:364)
	at org.testng.SuiteRunnerWorker.runSuite(SuiteRunnerWorker.java:52)
	at org.testng.SuiteRunnerWorker.run(SuiteRunnerWorker.java:84)
	at org.testng.TestNG.runSuitesSequentially(TestNG.java:1208)
	at org.testng.TestNG.runSuitesLocally(TestNG.java:1137)
	at org.testng.TestNG.runSuites(TestNG.java:1049)
	at org.testng.TestNG.run(TestNG.java:1017)
	at org.testng.remote.AbstractRemoteTestNG.run(AbstractRemoteTestNG.java:115)
	at org.testng.remote.RemoteTestNG.initAndRun(RemoteTestNG.java:251)
	at org.testng.remote.RemoteTestNG.main(RemoteTestNG.java:77)

</div> <!-- stack-trace -->
                </div> <!-- method-content -->
              </div> <!-- method -->
              <div class="method">
                <div class="method-content">
                  <a name="total_write_off(2, Bank Charges, Editing journal entry testcase, , , 1)">
                  </a> <!-- total_write_off(2, Bank Charges, Editing journal entry testcase, , , 1) -->
                  <span class="method-name">total_write_off</span>
                  <span class="parameters">(2, Bank Charges, Editing journal entry testcase, , , 1)</span>
                  <div class="stack-trace">junit.framework.AssertionFailedError: expected:&lt;true&gt; but was:&lt;false&gt;
	at junit.framework.Assert.fail(Assert.java:57)
	at junit.framework.Assert.failNotEquals(Assert.java:329)
	at junit.framework.Assert.assertEquals(Assert.java:78)
	at junit.framework.Assert.assertEquals(Assert.java:174)
	at junit.framework.Assert.assertEquals(Assert.java:181)
	at com.qa.pages.AncillaryCharges.total_write_off(AncillaryCharges.java:941)
	at com.qa.testcases.AncillaryChargeCreation.total_write_off(AncillaryChargeCreation.java:120)
	at sun.reflect.NativeMethodAccessorImpl.invoke0(Native Method)
	at sun.reflect.NativeMethodAccessorImpl.invoke(NativeMethodAccessorImpl.java:62)
	at sun.reflect.DelegatingMethodAccessorImpl.invoke(DelegatingMethodAccessorImpl.java:43)
	at java.lang.reflect.Method.invoke(Method.java:498)
	at org.testng.internal.MethodInvocationHelper.invokeMethod(MethodInvocationHelper.java:124)
	at org.testng.internal.Invoker.invokeMethod(Invoker.java:583)
	at org.testng.internal.Invoker.invokeTestMethod(Invoker.java:719)
	at org.testng.internal.Invoker.invokeTestMethods(Invoker.java:989)
	at org.testng.internal.TestMethodWorker.invokeTestMethods(TestMethodWorker.java:125)
	at org.testng.internal.TestMethodWorker.run(TestMethodWorker.java:109)
	at org.testng.TestRunner.privateRun(TestRunner.java:648)
	at org.testng.TestRunner.run(TestRunner.java:505)
	at org.testng.SuiteRunner.runTest(SuiteRunner.java:455)
	at org.testng.SuiteRunner.runSequentially(SuiteRunner.java:450)
	at org.testng.SuiteRunner.privateRun(SuiteRunner.java:415)
	at org.testng.SuiteRunner.run(SuiteRunner.java:364)
	at org.testng.SuiteRunnerWorker.runSuite(SuiteRunnerWorker.java:52)
	at org.testng.SuiteRunnerWorker.run(SuiteRunnerWorker.java:84)
	at org.testng.TestNG.runSuitesSequentially(TestNG.java:1208)
	at org.testng.TestNG.runSuitesLocally(TestNG.java:1137)
	at org.testng.TestNG.runSuites(TestNG.java:1049)
	at org.testng.TestNG.run(TestNG.java:1017)
	at org.testng.remote.AbstractRemoteTestNG.run(AbstractRemoteTestNG.java:115)
	at org.testng.remote.RemoteTestNG.initAndRun(RemoteTestNG.java:251)
	at org.testng.remote.RemoteTestNG.main(RemoteTestNG.java:77)

</div> <!-- stack-trace -->
                </div> <!-- method-content -->
              </div> <!-- method -->
            </div> <!-- main-panel-content rounded-window-bottom -->
          </div> <!-- suite-Default_suite-class-failed -->
          <div class="suite-Default_suite-class-passed">
            <div class="main-panel-header rounded-window-top">
              <img src="passed.png"/>
              <span class="class-name">com.qa.testcases.AncillaryChargeCreation</span>
            </div> <!-- main-panel-header rounded-window-top -->
            <div class="main-panel-content rounded-window-bottom">
              <div class="method">
                <div class="method-content">
                  <a name="chargeCreation(Ancillary_charge_test, Bank Service Charges, Bank Account used in Payment, Ancillary charge creation...)">
                  </a> <!-- chargeCreation(Ancillary_charge_test, Bank Service Charges, Bank Account used in Payment, Ancillary charge creation...) -->
                  <span class="method-name">chargeCreation</span>
                  <span class="parameters">(Ancillary_charge_test, Bank Service Charges, Bank Account used in Payment, Ancillary charge creation with valid and invalid data)</span>
                </div> <!-- method-content -->
              </div> <!-- method -->
              <div class="method">
                <div class="method-content">
                  <a name="customer_payment_charge_selection(5, Write Off, Write Off Charge creation Test case, 1)">
                  </a> <!-- customer_payment_charge_selection(5, Write Off, Write Off Charge creation Test case, 1) -->
                  <span class="method-name">customer_payment_charge_selection</span>
                  <span class="parameters">(5, Write Off, Write Off Charge creation Test case, 1)</span>
                </div> <!-- method-content -->
              </div> <!-- method -->
              <div class="method">
                <div class="method-content">
                  <a name="customer_payment_charge_selection(2, Bank Charges, Partial payment, 1)">
                  </a> <!-- customer_payment_charge_selection(2, Bank Charges, Partial payment, 1) -->
                  <span class="method-name">customer_payment_charge_selection</span>
                  <span class="parameters">(2, Bank Charges, Partial payment, 1)</span>
                </div> <!-- method-content -->
              </div> <!-- method -->
              <div class="method">
                <div class="method-content">
                  <a name="customer_payment_charge_selection(10, Bad Debt, Customer Payment with charges, 1)">
                  </a> <!-- customer_payment_charge_selection(10, Bad Debt, Customer Payment with charges, 1) -->
                  <span class="method-name">customer_payment_charge_selection</span>
                  <span class="parameters">(10, Bad Debt, Customer Payment with charges, 1)</span>
                </div> <!-- method-content -->
              </div> <!-- method -->
              <div class="method">
                <div class="method-content">
                  <a name="deleting(2, Bank Charges, deleting  payment and related transactions, 1)">
                  </a> <!-- deleting(2, Bank Charges, deleting  payment and related transactions, 1) -->
                  <span class="method-name">deleting</span>
                  <span class="parameters">(2, Bank Charges, deleting  payment and related transactions, 1)</span>
                </div> <!-- method-content -->
              </div> <!-- method -->
              <div class="method">
                <div class="method-content">
                  <a name="multiple_charges(1,2, Freight Charges,Bad Debt, Multiple charges selection for single payment)">
                  </a> <!-- multiple_charges(1,2, Freight Charges,Bad Debt, Multiple charges selection for single payment) -->
                  <span class="method-name">multiple_charges</span>
                  <span class="parameters">(1,2, Freight Charges,Bad Debt, Multiple charges selection for single payment)</span>
                </div> <!-- method-content -->
              </div> <!-- method -->
              <div class="method">
                <div class="method-content">
                  <a name="multiple_charges(1,2, Bank Charges,Bad Debt, Multiple  invoices and multiple charges)">
                  </a> <!-- multiple_charges(1,2, Bank Charges,Bad Debt, Multiple  invoices and multiple charges) -->
                  <span class="method-name">multiple_charges</span>
                  <span class="parameters">(1,2, Bank Charges,Bad Debt, Multiple  invoices and multiple charges)</span>
                </div> <!-- method-content -->
              </div> <!-- method -->
              <div class="method">
                <div class="method-content">
                  <a name="total_write_off(2, Bank Charges, Changing Charge amount testcase, 4, , 1)">
                  </a> <!-- total_write_off(2, Bank Charges, Changing Charge amount testcase, 4, , 1) -->
                  <span class="method-name">total_write_off</span>
                  <span class="parameters">(2, Bank Charges, Changing Charge amount testcase, 4, , 1)</span>
                </div> <!-- method-content -->
              </div> <!-- method -->
              <div class="method">
                <div class="method-content">
                  <a name="total_write_off(2, Bank Charges, Percentage as Charge Amount  testcase, , , 1)">
                  </a> <!-- total_write_off(2, Bank Charges, Percentage as Charge Amount  testcase, , , 1) -->
                  <span class="method-name">total_write_off</span>
                  <span class="parameters">(2, Bank Charges, Percentage as Charge Amount  testcase, , , 1)</span>
                </div> <!-- method-content -->
              </div> <!-- method -->
            </div> <!-- main-panel-content rounded-window-bottom -->
          </div> <!-- suite-Default_suite-class-passed -->
        </div> <!-- panel Default_suite -->
        <div panel-name="test-xml-Default_suite" class="panel">
          <div class="main-panel-header rounded-window-top">
            <span class="header-content">C:\Users\Sindhuja\AppData\Local\Temp\testng-eclipse--386350961\testng-customsuite.xml</span>
          </div> <!-- main-panel-header rounded-window-top -->
          <div class="main-panel-content rounded-window-bottom">
            <pre>
&lt;?xml version=&quot;1.0&quot; encoding=&quot;UTF-8&quot;?&gt;
&lt;!DOCTYPE suite SYSTEM &quot;http://testng.org/testng-1.0.dtd&quot;&gt;
&lt;suite guice-stage=&quot;DEVELOPMENT&quot; name=&quot;Default suite&quot;&gt;
  &lt;test thread-count=&quot;5&quot; verbose=&quot;2&quot; name=&quot;Default test&quot;&gt;
    &lt;classes&gt;
      &lt;class name=&quot;com.qa.testcases.AncillaryChargeCreation&quot;/&gt;
    &lt;/classes&gt;
  &lt;/test&gt; &lt;!-- Default test --&gt;
&lt;/suite&gt; &lt;!-- Default suite --&gt;
            </pre>
          </div> <!-- main-panel-content rounded-window-bottom -->
        </div> <!-- panel -->
        <div panel-name="testlist-Default_suite" class="panel">
          <div class="main-panel-header rounded-window-top">
            <span class="header-content">Tests for Default suite</span>
          </div> <!-- main-panel-header rounded-window-top -->
          <div class="main-panel-content rounded-window-bottom">
            <ul>
              <li>
                <span class="test-name">Default test (1 class)</span>
              </li>
            </ul>
          </div> <!-- main-panel-content rounded-window-bottom -->
        </div> <!-- panel -->
        <div panel-name="group-Default_suite" class="panel">
          <div class="main-panel-header rounded-window-top">
            <span class="header-content">Groups for Default suite</span>
          </div> <!-- main-panel-header rounded-window-top -->
          <div class="main-panel-content rounded-window-bottom">
          </div> <!-- main-panel-content rounded-window-bottom -->
        </div> <!-- panel -->
        <div panel-name="times-Default_suite" class="panel">
          <div class="main-panel-header rounded-window-top">
            <span class="header-content">Times for Default suite</span>
          </div> <!-- main-panel-header rounded-window-top -->
          <div class="main-panel-content rounded-window-bottom">
            <div class="times-div">
              <script type="text/javascript">
suiteTableInitFunctions.push('tableData_Default_suite');
function tableData_Default_suite() {
var data = new google.visualization.DataTable();
data.addColumn('number', 'Number');
data.addColumn('string', 'Method');
data.addColumn('string', 'Class');
data.addColumn('number', 'Time (ms)');
data.addRows(18);
data.setCell(0, 0, 0)
data.setCell(0, 1, 'multiple_charges')
data.setCell(0, 2, 'com.qa.testcases.AncillaryChargeCreation')
data.setCell(0, 3, 191315);
data.setCell(1, 0, 1)
data.setCell(1, 1, 'total_write_off')
data.setCell(1, 2, 'com.qa.testcases.AncillaryChargeCreation')
data.setCell(1, 3, 169741);
data.setCell(2, 0, 2)
data.setCell(2, 1, 'total_write_off')
data.setCell(2, 2, 'com.qa.testcases.AncillaryChargeCreation')
data.setCell(2, 3, 164434);
data.setCell(3, 0, 3)
data.setCell(3, 1, 'multiple_charges')
data.setCell(3, 2, 'com.qa.testcases.AncillaryChargeCreation')
data.setCell(3, 3, 160892);
data.setCell(4, 0, 4)
data.setCell(4, 1, 'total_write_off')
data.setCell(4, 2, 'com.qa.testcases.AncillaryChargeCreation')
data.setCell(4, 3, 104750);
data.setCell(5, 0, 5)
data.setCell(5, 1, 'total_write_off')
data.setCell(5, 2, 'com.qa.testcases.AncillaryChargeCreation')
data.setCell(5, 3, 98884);
data.setCell(6, 0, 6)
data.setCell(6, 1, 'deleting')
data.setCell(6, 2, 'com.qa.testcases.AncillaryChargeCreation')
data.setCell(6, 3, 83422);
data.setCell(7, 0, 7)
data.setCell(7, 1, 'multiple_charges')
data.setCell(7, 2, 'com.qa.testcases.AncillaryChargeCreation')
data.setCell(7, 3, 79332);
data.setCell(8, 0, 8)
data.setCell(8, 1, 'total_write_off')
data.setCell(8, 2, 'com.qa.testcases.AncillaryChargeCreation')
data.setCell(8, 3, 75629);
data.setCell(9, 0, 9)
data.setCell(9, 1, 'deleting')
data.setCell(9, 2, 'com.qa.testcases.AncillaryChargeCreation')
data.setCell(9, 3, 74957);
data.setCell(10, 0, 10)
data.setCell(10, 1, 'customer_payment_charge_selection')
data.setCell(10, 2, 'com.qa.testcases.AncillaryChargeCreation')
data.setCell(10, 3, 63442);
data.setCell(11, 0, 11)
data.setCell(11, 1, 'deleting')
data.setCell(11, 2, 'com.qa.testcases.AncillaryChargeCreation')
data.setCell(11, 3, 59066);
data.setCell(12, 0, 12)
data.setCell(12, 1, 'customer_payment_charge_selection')
data.setCell(12, 2, 'com.qa.testcases.AncillaryChargeCreation')
data.setCell(12, 3, 57275);
data.setCell(13, 0, 13)
data.setCell(13, 1, 'customer_payment_charge_selection')
data.setCell(13, 2, 'com.qa.testcases.AncillaryChargeCreation')
data.setCell(13, 3, 56956);
data.setCell(14, 0, 14)
data.setCell(14, 1, 'customer_payment_charge_selection')
data.setCell(14, 2, 'com.qa.testcases.AncillaryChargeCreation')
data.setCell(14, 3, 52410);
data.setCell(15, 0, 15)
data.setCell(15, 1, 'multiple_charges')
data.setCell(15, 2, 'com.qa.testcases.AncillaryChargeCreation')
data.setCell(15, 3, 50272);
data.setCell(16, 0, 16)
data.setCell(16, 1, 'chargeCreation')
data.setCell(16, 2, 'com.qa.testcases.AncillaryChargeCreation')
data.setCell(16, 3, 47608);
data.setCell(17, 0, 17)
data.setCell(17, 1, 'multiple_charges')
data.setCell(17, 2, 'com.qa.testcases.AncillaryChargeCreation')
data.setCell(17, 3, 43855);
window.suiteTableData['Default_suite']= { tableData: data, tableDiv: 'times-div-Default_suite'}
return data;
}
              </script>
              <span class="suite-total-time">Total running time: 27 minutes</span>
              <div id="times-div-Default_suite">
              </div> <!-- times-div-Default_suite -->
            </div> <!-- times-div -->
          </div> <!-- main-panel-content rounded-window-bottom -->
        </div> <!-- panel -->
        <div panel-name="reporter-Default_suite" class="panel">
          <div class="main-panel-header rounded-window-top">
            <span class="header-content">Reporter output for Default suite</span>
          </div> <!-- main-panel-header rounded-window-top -->
          <div class="main-panel-content rounded-window-bottom">
          </div> <!-- main-panel-content rounded-window-bottom -->
        </div> <!-- panel -->
        <div panel-name="ignored-methods-Default_suite" class="panel">
          <div class="main-panel-header rounded-window-top">
            <span class="header-content">0 ignored methods</span>
          </div> <!-- main-panel-header rounded-window-top -->
          <div class="main-panel-content rounded-window-bottom">
          </div> <!-- main-panel-content rounded-window-bottom -->
        </div> <!-- panel -->
        <div panel-name="chronological-Default_suite" class="panel">
          <div class="main-panel-header rounded-window-top">
            <span class="header-content">Methods in chronological order</span>
          </div> <!-- main-panel-header rounded-window-top -->
          <div class="main-panel-content rounded-window-bottom">
            <div class="chronological-class">
              <div class="chronological-class-name">com.qa.testcases.AncillaryChargeCreation</div> <!-- chronological-class-name -->
              <div class="configuration-test before">
                <span class="method-name">setExtent</span>
                <span class="method-start">0 ms</span>
              </div> <!-- configuration-test before -->
              <div class="configuration-method before">
                <span class="method-name">setUp</span>
                <span class="method-start">1020 ms</span>
              </div> <!-- configuration-method before -->
              <div class="test-method">
                <span class="method-name">customer_payment_charge_selection(10, Bad Debt, Customer Payment with charges, 1)</span>
                <span class="method-start">18714 ms</span>
              </div> <!-- test-method -->
              <div class="configuration-method after">
                <span class="method-name">tearDown([TestResult name=customer_payment_charge_selection status=SUCCESS method=AncillaryChargeCreation.cus...)</span>
                <span class="method-start">75674 ms</span>
              </div> <!-- configuration-method after -->
              <div class="configuration-method before">
                <span class="method-name">setUp</span>
                <span class="method-start">76458 ms</span>
              </div> <!-- configuration-method before -->
              <div class="test-method">
                <img src="failed.png">
                </img>
                <span class="method-name">customer_payment_charge_selection(2, Bank Charges, Full Payment with Bank Charges, 1)</span>
                <span class="method-start">89700 ms</span>
              </div> <!-- test-method -->
              <div class="configuration-method after">
                <span class="method-name">tearDown([TestResult name=customer_payment_charge_selection status=FAILURE method=AncillaryChargeCreation.cus...)</span>
                <span class="method-start">142121 ms</span>
              </div> <!-- configuration-method after -->
              <div class="configuration-method before">
                <span class="method-name">setUp</span>
                <span class="method-start">142916 ms</span>
              </div> <!-- configuration-method before -->
              <div class="test-method">
                <span class="method-name">customer_payment_charge_selection(2, Bank Charges, Partial payment, 1)</span>
                <span class="method-start">158502 ms</span>
              </div> <!-- test-method -->
              <div class="configuration-method after">
                <span class="method-name">tearDown([TestResult name=customer_payment_charge_selection status=SUCCESS method=AncillaryChargeCreation.cus...)</span>
                <span class="method-start">215779 ms</span>
              </div> <!-- configuration-method after -->
              <div class="configuration-method before">
                <span class="method-name">setUp</span>
                <span class="method-start">216609 ms</span>
              </div> <!-- configuration-method before -->
              <div class="test-method">
                <span class="method-name">customer_payment_charge_selection(5, Write Off, Write Off Charge creation Test case, 1)</span>
                <span class="method-start">232541 ms</span>
              </div> <!-- test-method -->
              <div class="configuration-method after">
                <span class="method-name">tearDown([TestResult name=customer_payment_charge_selection status=SUCCESS method=AncillaryChargeCreation.cus...)</span>
                <span class="method-start">295984 ms</span>
              </div> <!-- configuration-method after -->
              <div class="configuration-method before">
                <span class="method-name">setUp</span>
                <span class="method-start">296879 ms</span>
              </div> <!-- configuration-method before -->
              <div class="test-method">
                <span class="method-name">multiple_charges(1,2, Bank Charges,Bad Debt, Multiple  invoices and multiple charges)</span>
                <span class="method-start">310295 ms</span>
              </div> <!-- test-method -->
              <div class="configuration-method after">
                <span class="method-name">tearDown([TestResult name=multiple_charges status=SUCCESS method=AncillaryChargeCreation.multiple_charges(jav...)</span>
                <span class="method-start">389629 ms</span>
              </div> <!-- configuration-method after -->
              <div class="configuration-method before">
                <span class="method-name">setUp</span>
                <span class="method-start">390387 ms</span>
              </div> <!-- configuration-method before -->
              <div class="test-method">
                <img src="failed.png">
                </img>
                <span class="method-name">multiple_charges(1,2, Bank Charges,Bad Debt, Multiple charges selection including Bank Charges for single payment wit...)</span>
                <span class="method-start">403775 ms</span>
              </div> <!-- test-method -->
              <div class="configuration-method after">
                <span class="method-name">tearDown([TestResult name=multiple_charges status=FAILURE method=AncillaryChargeCreation.multiple_charges(jav...)</span>
                <span class="method-start">454049 ms</span>
              </div> <!-- configuration-method after -->
              <div class="configuration-method before">
                <span class="method-name">setUp</span>
                <span class="method-start">454830 ms</span>
              </div> <!-- configuration-method before -->
              <div class="test-method">
                <img src="failed.png">
                </img>
                <span class="method-name">multiple_charges(1,2, Write Off,Bad Debt, Multiple charge selection for single payment including write off with parti...)</span>
                <span class="method-start">474474 ms</span>
              </div> <!-- test-method -->
              <div class="configuration-method after">
                <span class="method-name">tearDown([TestResult name=multiple_charges status=FAILURE method=AncillaryChargeCreation.multiple_charges(jav...)</span>
                <span class="method-start">665792 ms</span>
              </div> <!-- configuration-method after -->
              <div class="configuration-method before">
                <span class="method-name">setUp</span>
                <span class="method-start">666640 ms</span>
              </div> <!-- configuration-method before -->
              <div class="test-method">
                <span class="method-name">multiple_charges(1,2, Freight Charges,Bad Debt, Multiple charges selection for single payment)</span>
                <span class="method-start">694635 ms</span>
              </div> <!-- test-method -->
              <div class="configuration-method after">
                <span class="method-name">tearDown([TestResult name=multiple_charges status=SUCCESS method=AncillaryChargeCreation.multiple_charges(jav...)</span>
                <span class="method-start">855529 ms</span>
              </div> <!-- configuration-method after -->
              <div class="configuration-method before">
                <span class="method-name">setUp</span>
                <span class="method-start">856305 ms</span>
              </div> <!-- configuration-method before -->
              <div class="test-method">
                <img src="failed.png">
                </img>
                <span class="method-name">multiple_charges(1,2, Bad Debt,Bad Debt, Same Charge Multiple times)</span>
                <span class="method-start">882291 ms</span>
              </div> <!-- test-method -->
              <div class="configuration-method after">
                <span class="method-name">tearDown([TestResult name=multiple_charges status=FAILURE method=AncillaryChargeCreation.multiple_charges(jav...)</span>
                <span class="method-start">926149 ms</span>
              </div> <!-- configuration-method after -->
              <div class="configuration-method before">
                <span class="method-name">setUp</span>
                <span class="method-start">927009 ms</span>
              </div> <!-- configuration-method before -->
              <div class="test-method">
                <img src="failed.png">
                </img>
                <span class="method-name">total_write_off(, Write Off, Total amount as WriteOff testcase, , , 1)</span>
                <span class="method-start">951024 ms</span>
              </div> <!-- test-method -->
              <div class="configuration-method after">
                <span class="method-name">tearDown([TestResult name=total_write_off status=FAILURE method=AncillaryChargeCreation.total_write_off(java....)</span>
                <span class="method-start">1049909 ms</span>
              </div> <!-- configuration-method after -->
              <div class="configuration-method before">
                <span class="method-name">setUp</span>
                <span class="method-start">1050725 ms</span>
              </div> <!-- configuration-method before -->
              <div class="test-method">
                <img src="failed.png">
                </img>
                <span class="method-name">total_write_off(2, Bank Charges, Editing journal entry testcase, , , 1)</span>
                <span class="method-start">1072538 ms</span>
              </div> <!-- test-method -->
              <div class="configuration-method after">
                <span class="method-name">tearDown([TestResult name=total_write_off status=FAILURE method=AncillaryChargeCreation.total_write_off(java....)</span>
                <span class="method-start">1148171 ms</span>
              </div> <!-- configuration-method after -->
              <div class="configuration-method before">
                <span class="method-name">setUp</span>
                <span class="method-start">1149009 ms</span>
              </div> <!-- configuration-method before -->
              <div class="test-method">
                <span class="method-name">total_write_off(2, Bank Charges, Changing Charge amount testcase, 4, , 1)</span>
                <span class="method-start">1169027 ms</span>
              </div> <!-- test-method -->
              <div class="configuration-method after">
                <span class="method-name">tearDown([TestResult name=total_write_off status=SUCCESS method=AncillaryChargeCreation.total_write_off(java....)</span>
                <span class="method-start">1338770 ms</span>
              </div> <!-- configuration-method after -->
              <div class="configuration-method before">
                <span class="method-name">setUp</span>
                <span class="method-start">1339569 ms</span>
              </div> <!-- configuration-method before -->
              <div class="test-method">
                <span class="method-name">total_write_off(2, Bank Charges, Percentage as Charge Amount  testcase, , , 1)</span>
                <span class="method-start">1362833 ms</span>
              </div> <!-- test-method -->
              <div class="configuration-method after">
                <span class="method-name">tearDown([TestResult name=total_write_off status=SUCCESS method=AncillaryChargeCreation.total_write_off(java....)</span>
                <span class="method-start">1467584 ms</span>
              </div> <!-- configuration-method after -->
              <div class="configuration-method before">
                <span class="method-name">setUp</span>
                <span class="method-start">1468397 ms</span>
              </div> <!-- configuration-method before -->
              <div class="test-method">
                <img src="failed.png">
                </img>
                <span class="method-name">total_write_off(2, Bank Charges, Changing Charge name testcase, , Bad Debt, 1)</span>
                <span class="method-start">1488060 ms</span>
              </div> <!-- test-method -->
              <div class="configuration-method after">
                <span class="method-name">tearDown([TestResult name=total_write_off status=FAILURE method=AncillaryChargeCreation.total_write_off(java....)</span>
                <span class="method-start">1652494 ms</span>
              </div> <!-- configuration-method after -->
              <div class="configuration-method before">
                <span class="method-name">setUp</span>
                <span class="method-start">1653398 ms</span>
              </div> <!-- configuration-method before -->
              <div class="test-method">
                <img src="failed.png">
                </img>
                <span class="method-name">deleting(2, Bank Charges, deleting ancillary, 1)</span>
                <span class="method-start">1668644 ms</span>
              </div> <!-- test-method -->
              <div class="configuration-method after">
                <span class="method-name">tearDown([TestResult name=deleting status=FAILURE method=AncillaryChargeCreation.deleting(java.lang.String, j...)</span>
                <span class="method-start">1743608 ms</span>
              </div> <!-- configuration-method after -->
              <div class="configuration-method before">
                <span class="method-name">setUp</span>
                <span class="method-start">1744375 ms</span>
              </div> <!-- configuration-method before -->
              <div class="test-method">
                <img src="failed.png">
                </img>
                <span class="method-name">deleting(2, Bank Charges, deleting journal, 1)</span>
                <span class="method-start">1776393 ms</span>
              </div> <!-- test-method -->
              <div class="configuration-method after">
                <span class="method-name">tearDown([TestResult name=deleting status=FAILURE method=AncillaryChargeCreation.deleting(java.lang.String, j...)</span>
                <span class="method-start">1835460 ms</span>
              </div> <!-- configuration-method after -->
              <div class="configuration-method before">
                <span class="method-name">setUp</span>
                <span class="method-start">1836219 ms</span>
              </div> <!-- configuration-method before -->
              <div class="test-method">
                <span class="method-name">deleting(2, Bank Charges, deleting  payment and related transactions, 1)</span>
                <span class="method-start">1851832 ms</span>
              </div> <!-- test-method -->
              <div class="configuration-method after">
                <span class="method-name">tearDown([TestResult name=deleting status=SUCCESS method=AncillaryChargeCreation.deleting(java.lang.String, j...)</span>
                <span class="method-start">1935255 ms</span>
              </div> <!-- configuration-method after -->
              <div class="configuration-method before">
                <span class="method-name">setUp</span>
                <span class="method-start">1936105 ms</span>
              </div> <!-- configuration-method before -->
              <div class="test-method">
                <span class="method-name">chargeCreation(Ancillary_charge_test, Bank Service Charges, Bank Account used in Payment, Ancillary charge creation...)</span>
                <span class="method-start">1959470 ms</span>
              </div> <!-- test-method -->
              <div class="configuration-method after">
                <span class="method-name">tearDown([TestResult name=chargeCreation status=SUCCESS method=AncillaryChargeCreation.chargeCreation(java.la...)</span>
                <span class="method-start">2007093 ms</span>
              </div> <!-- configuration-method after -->
              <div class="configuration-test after">
                <span class="method-name">endReport</span>
                <span class="method-start">2007888 ms</span>
              </div> <!-- configuration-test after -->
          </div> <!-- main-panel-content rounded-window-bottom -->
        </div> <!-- panel -->
      </div> <!-- main-panel-root -->
    </div> <!-- wrapper -->
  </body>
</html>
